<?xml version="1.0" encoding="UTF-8"?>
<coverage generated="1635914906748" clover="3.2.0">
  <project timestamp="1635914906748" name="All files">
    <metrics statements="109" coveredstatements="100" conditionals="45" coveredconditionals="34" methods="15" coveredmethods="12" elements="169" coveredelements="146" complexity="0" loc="109" ncloc="109" packages="1" files="2" classes="2"/>
    <file name="actions.js" path="/Users/chulehou/Desktop/COMP_531 Web Development and Design/hw5/src/actions.js">
      <metrics statements="27" coveredstatements="24" conditionals="0" coveredconditionals="0" methods="13" coveredmethods="10"/>
      <line num="1" count="1" type="stmt"/>
      <line num="2" count="1" type="stmt"/>
      <line num="3" count="1" type="stmt"/>
      <line num="4" count="1" type="stmt"/>
      <line num="5" count="1" type="stmt"/>
      <line num="6" count="1" type="stmt"/>
      <line num="7" count="1" type="stmt"/>
      <line num="8" count="1" type="stmt"/>
      <line num="9" count="1" type="stmt"/>
      <line num="10" count="1" type="stmt"/>
      <line num="11" count="1" type="stmt"/>
      <line num="12" count="1" type="stmt"/>
      <line num="13" count="1" type="stmt"/>
      <line num="16" count="1" type="stmt"/>
      <line num="19" count="1" type="stmt"/>
      <line num="23" count="1" type="stmt"/>
      <line num="27" count="3" type="stmt"/>
      <line num="31" count="1" type="stmt"/>
      <line num="34" count="0" type="stmt"/>
      <line num="38" count="0" type="stmt"/>
      <line num="42" count="1" type="stmt"/>
      <line num="46" count="1" type="stmt"/>
      <line num="50" count="0" type="stmt"/>
      <line num="54" count="3" type="stmt"/>
      <line num="57" count="1" type="stmt"/>
      <line num="61" count="1" type="stmt"/>
      <line num="62" count="1" type="stmt"/>
    </file>
    <file name="reducers.js" path="/Users/chulehou/Desktop/COMP_531 Web Development and Design/hw5/src/reducers.js">
      <metrics statements="82" coveredstatements="76" conditionals="45" coveredconditionals="34" methods="2" coveredmethods="2"/>
      <line num="14" count="1" type="stmt"/>
      <line num="32" count="15" type="cond" truecount="10" falsecount="3"/>
      <line num="34" count="1" type="stmt"/>
      <line num="40" count="3" type="stmt"/>
      <line num="41" count="3" type="stmt"/>
      <line num="57" count="1" type="stmt"/>
      <line num="77" count="1" type="stmt"/>
      <line num="78" count="1" type="stmt"/>
      <line num="79" count="3" type="stmt"/>
      <line num="82" count="1" type="stmt"/>
      <line num="83" count="1" type="stmt"/>
      <line num="85" count="1" type="stmt"/>
      <line num="86" count="1" type="stmt"/>
      <line num="87" count="100" type="cond" truecount="4" falsecount="0"/>
      <line num="88" count="50" type="stmt"/>
      <line num="91" count="1" type="stmt"/>
      <line num="98" count="1" type="stmt"/>
      <line num="99" count="1" type="stmt"/>
      <line num="100" count="3" type="cond" truecount="2" falsecount="0"/>
      <line num="101" count="2" type="stmt"/>
      <line num="105" count="1" type="stmt"/>
      <line num="106" count="1" type="stmt"/>
      <line num="107" count="40" type="cond" truecount="2" falsecount="0"/>
      <line num="108" count="30" type="stmt"/>
      <line num="111" count="1" type="stmt"/>
      <line num="118" count="0" type="stmt"/>
      <line num="119" count="0" type="stmt"/>
      <line num="130" count="3" type="stmt"/>
      <line num="131" count="3" type="stmt"/>
      <line num="132" count="30" type="stmt"/>
      <line num="133" count="30" type="stmt"/>
      <line num="134" count="30" type="stmt"/>
      <line num="136" count="3" type="stmt"/>
      <line num="142" count="1" type="stmt"/>
      <line num="143" count="1" type="stmt"/>
      <line num="144" count="1" type="stmt"/>
      <line num="145" count="1" type="stmt"/>
      <line num="146" count="1" type="stmt"/>
      <line num="147" count="1" type="stmt"/>
      <line num="148" count="1" type="stmt"/>
      <line num="150" count="1" type="cond" truecount="1" falsecount="1"/>
      <line num="151" count="1" type="stmt"/>
      <line num="153" count="1" type="cond" truecount="1" falsecount="1"/>
      <line num="154" count="1" type="stmt"/>
      <line num="156" count="1" type="cond" truecount="1" falsecount="1"/>
      <line num="157" count="1" type="stmt"/>
      <line num="159" count="1" type="cond" truecount="1" falsecount="1"/>
      <line num="160" count="1" type="stmt"/>
      <line num="162" count="1" type="cond" truecount="1" falsecount="1"/>
      <line num="163" count="1" type="stmt"/>
      <line num="165" count="1" type="stmt"/>
      <line num="177" count="0" type="stmt"/>
      <line num="183" count="1" type="stmt"/>
      <line num="184" count="1" type="stmt"/>
      <line num="185" count="100" type="stmt"/>
      <line num="186" count="100" type="stmt"/>
      <line num="187" count="100" type="stmt"/>
      <line num="188" count="100" type="stmt"/>
      <line num="189" count="100" type="stmt"/>
      <line num="191" count="1" type="stmt"/>
      <line num="197" count="0" type="stmt"/>
      <line num="198" count="0" type="stmt"/>
      <line num="204" count="1" type="stmt"/>
      <line num="205" count="1" type="stmt"/>
      <line num="206" count="40" type="cond" truecount="4" falsecount="1"/>
      <line num="207" count="0" type="stmt"/>
      <line num="210" count="1" type="stmt"/>
      <line num="216" count="1" type="stmt"/>
      <line num="217" count="1" type="stmt"/>
      <line num="218" count="1" type="stmt"/>
      <line num="219" count="100" type="stmt"/>
      <line num="220" count="100" type="cond" truecount="4" falsecount="0"/>
      <line num="221" count="40" type="stmt"/>
      <line num="224" count="1" type="stmt"/>
      <line num="225" count="39" type="stmt"/>
      <line num="226" count="39" type="stmt"/>
      <line num="227" count="39" type="cond" truecount="1" falsecount="1"/>
      <line num="228" count="39" type="cond" truecount="1" falsecount="1"/>
      <line num="229" count="39" type="stmt"/>
      <line num="231" count="1" type="stmt"/>
      <line num="238" count="1" type="stmt"/>
      <line num="241" count="1" type="stmt"/>
    </file>
  </project>
</coverage>
