{"/Users/chulehou/Desktop/COMP_531 Web Development and Design/hw5/src/actions.js": {"path":"/Users/chulehou/Desktop/COMP_531 Web Development and Design/hw5/src/actions.js","statementMap":{"0":{"start":{"line":1,"column":29},"end":{"line":1,"column":44}},"1":{"start":{"line":2,"column":21},"end":{"line":2,"column":28}},"2":{"start":{"line":3,"column":22},"end":{"line":3,"column":30}},"3":{"start":{"line":4,"column":24},"end":{"line":4,"column":34}},"4":{"start":{"line":5,"column":28},"end":{"line":5,"column":42}},"5":{"start":{"line":6,"column":27},"end":{"line":6,"column":40}},"6":{"start":{"line":7,"column":26},"end":{"line":7,"column":38}},"7":{"start":{"line":8,"column":33},"end":{"line":8,"column":52}},"8":{"start":{"line":9,"column":29},"end":{"line":9,"column":44}},"9":{"start":{"line":10,"column":25},"end":{"line":10,"column":36}},"10":{"start":{"line":11,"column":25},"end":{"line":11,"column":36}},"11":{"start":{"line":12,"column":24},"end":{"line":12,"column":34}},"12":{"start":{"line":13,"column":21},"end":{"line":13,"column":28}},"13":{"start":{"line":16,"column":4},"end":{"line":16,"column":36}},"14":{"start":{"line":19,"column":4},"end":{"line":19,"column":35}},"15":{"start":{"line":23,"column":4},"end":{"line":23,"column":33}},"16":{"start":{"line":27,"column":4},"end":{"line":27,"column":33}},"17":{"start":{"line":31,"column":4},"end":{"line":31,"column":46}},"18":{"start":{"line":34,"column":4},"end":{"line":34,"column":32}},"19":{"start":{"line":38,"column":4},"end":{"line":38,"column":41}},"20":{"start":{"line":42,"column":4},"end":{"line":42,"column":48}},"21":{"start":{"line":46,"column":4},"end":{"line":46,"column":37}},"22":{"start":{"line":50,"column":4},"end":{"line":50,"column":37}},"23":{"start":{"line":54,"column":4},"end":{"line":54,"column":28}},"24":{"start":{"line":57,"column":4},"end":{"line":57,"column":29}},"25":{"start":{"line":61,"column":4},"end":{"line":61,"column":26}},"26":{"start":{"line":62,"column":4},"end":{"line":62,"column":43}}},"fnMap":{"0":{"name":"add_f","decl":{"start":{"line":15,"column":16},"end":{"line":15,"column":21}},"loc":{"start":{"line":15,"column":34},"end":{"line":17,"column":1}},"line":15},"1":{"name":"remove_f","decl":{"start":{"line":18,"column":16},"end":{"line":18,"column":24}},"loc":{"start":{"line":18,"column":33},"end":{"line":20,"column":1}},"line":18},"2":{"name":"search_by","decl":{"start":{"line":22,"column":17},"end":{"line":22,"column":26}},"loc":{"start":{"line":22,"column":31},"end":{"line":24,"column":1}},"line":22},"3":{"name":"set_dummy","decl":{"start":{"line":26,"column":16},"end":{"line":26,"column":25}},"loc":{"start":{"line":26,"column":31},"end":{"line":28,"column":1}},"line":26},"4":{"name":"init_articles","decl":{"start":{"line":30,"column":16},"end":{"line":30,"column":29}},"loc":{"start":{"line":30,"column":39},"end":{"line":32,"column":1}},"line":30},"5":{"name":"show_comments_vis","decl":{"start":{"line":33,"column":16},"end":{"line":33,"column":33}},"loc":{"start":{"line":33,"column":35},"end":{"line":35,"column":1}},"line":33},"6":{"name":"change_status","decl":{"start":{"line":37,"column":16},"end":{"line":37,"column":29}},"loc":{"start":{"line":37,"column":41},"end":{"line":39,"column":1}},"line":37},"7":{"name":"update_user","decl":{"start":{"line":41,"column":16},"end":{"line":41,"column":27}},"loc":{"start":{"line":41,"column":46},"end":{"line":43,"column":1}},"line":41},"8":{"name":"add_articles","decl":{"start":{"line":45,"column":16},"end":{"line":45,"column":28}},"loc":{"start":{"line":45,"column":35},"end":{"line":47,"column":1}},"line":45},"9":{"name":"new_user","decl":{"start":{"line":49,"column":16},"end":{"line":49,"column":24}},"loc":{"start":{"line":49,"column":35},"end":{"line":51,"column":1}},"line":49},"10":{"name":"log_in","decl":{"start":{"line":53,"column":16},"end":{"line":53,"column":22}},"loc":{"start":{"line":53,"column":27},"end":{"line":55,"column":1}},"line":53},"11":{"name":"log_out","decl":{"start":{"line":56,"column":16},"end":{"line":56,"column":23}},"loc":{"start":{"line":56,"column":28},"end":{"line":58,"column":1}},"line":56},"12":{"name":"set_error_reg","decl":{"start":{"line":60,"column":16},"end":{"line":60,"column":29}},"loc":{"start":{"line":60,"column":40},"end":{"line":63,"column":1}},"line":60}},"branchMap":{},"s":{"0":1,"1":1,"2":1,"3":1,"4":1,"5":1,"6":1,"7":1,"8":1,"9":1,"10":1,"11":1,"12":1,"13":1,"14":1,"15":1,"16":3,"17":1,"18":0,"19":0,"20":1,"21":1,"22":0,"23":3,"24":1,"25":1,"26":1},"f":{"0":1,"1":1,"2":1,"3":3,"4":1,"5":0,"6":0,"7":1,"8":1,"9":0,"10":3,"11":1,"12":1},"b":{},"_coverageSchema":"1a1c01bbd47fc00a2c39e90264f33305004495a9","hash":"ff55fbabb4c1bb7daf315224f18e17debef68abd"}
,"/Users/chulehou/Desktop/COMP_531 Web Development and Design/hw5/src/reducers.js": {"path":"/Users/chulehou/Desktop/COMP_531 Web Development and Design/hw5/src/reducers.js","statementMap":{"0":{"start":{"line":14,"column":18},"end":{"line":29,"column":1}},"1":{"start":{"line":32,"column":4},"end":{"line":237,"column":5}},"2":{"start":{"line":34,"column":12},"end":{"line":37,"column":13}},"3":{"start":{"line":40,"column":24},"end":{"line":40,"column":40}},"4":{"start":{"line":41,"column":12},"end":{"line":54,"column":13}},"5":{"start":{"line":57,"column":12},"end":{"line":73,"column":13}},"6":{"start":{"line":77,"column":28},"end":{"line":77,"column":30}},"7":{"start":{"line":78,"column":12},"end":{"line":80,"column":13}},"8":{"start":{"line":78,"column":25},"end":{"line":78,"column":26}},"9":{"start":{"line":79,"column":16},"end":{"line":79,"column":50}},"10":{"start":{"line":82,"column":30},"end":{"line":82,"column":57}},"11":{"start":{"line":83,"column":12},"end":{"line":83,"column":39}},"12":{"start":{"line":85,"column":33},"end":{"line":85,"column":35}},"13":{"start":{"line":86,"column":12},"end":{"line":90,"column":13}},"14":{"start":{"line":86,"column":25},"end":{"line":86,"column":26}},"15":{"start":{"line":87,"column":16},"end":{"line":89,"column":17}},"16":{"start":{"line":88,"column":20},"end":{"line":88,"column":66}},"17":{"start":{"line":91,"column":12},"end":{"line":95,"column":13}},"18":{"start":{"line":98,"column":28},"end":{"line":98,"column":30}},"19":{"start":{"line":99,"column":12},"end":{"line":103,"column":13}},"20":{"start":{"line":99,"column":25},"end":{"line":99,"column":26}},"21":{"start":{"line":100,"column":16},"end":{"line":102,"column":17}},"22":{"start":{"line":101,"column":20},"end":{"line":101,"column":54}},"23":{"start":{"line":105,"column":33},"end":{"line":105,"column":35}},"24":{"start":{"line":106,"column":12},"end":{"line":110,"column":13}},"25":{"start":{"line":106,"column":24},"end":{"line":106,"column":25}},"26":{"start":{"line":107,"column":16},"end":{"line":109,"column":17}},"27":{"start":{"line":108,"column":20},"end":{"line":108,"column":58}},"28":{"start":{"line":111,"column":12},"end":{"line":115,"column":13}},"29":{"start":{"line":118,"column":28},"end":{"line":118,"column":43}},"30":{"start":{"line":119,"column":12},"end":{"line":127,"column":13}},"31":{"start":{"line":130,"column":24},"end":{"line":130,"column":26}},"32":{"start":{"line":131,"column":12},"end":{"line":135,"column":13}},"33":{"start":{"line":131,"column":25},"end":{"line":131,"column":26}},"34":{"start":{"line":132,"column":16},"end":{"line":132,"column":75}},"35":{"start":{"line":133,"column":16},"end":{"line":133,"column":69}},"36":{"start":{"line":134,"column":16},"end":{"line":134,"column":41}},"37":{"start":{"line":136,"column":12},"end":{"line":139,"column":13}},"38":{"start":{"line":142,"column":34},"end":{"line":142,"column":48}},"39":{"start":{"line":143,"column":34},"end":{"line":143,"column":48}},"40":{"start":{"line":144,"column":31},"end":{"line":144,"column":42}},"41":{"start":{"line":145,"column":29},"end":{"line":145,"column":38}},"42":{"start":{"line":146,"column":34},"end":{"line":146,"column":44}},"43":{"start":{"line":147,"column":33},"end":{"line":147,"column":46}},"44":{"start":{"line":148,"column":35},"end":{"line":148,"column":58}},"45":{"start":{"line":150,"column":12},"end":{"line":152,"column":13}},"46":{"start":{"line":151,"column":16},"end":{"line":151,"column":66}},"47":{"start":{"line":153,"column":12},"end":{"line":155,"column":13}},"48":{"start":{"line":154,"column":16},"end":{"line":154,"column":66}},"49":{"start":{"line":156,"column":12},"end":{"line":158,"column":13}},"50":{"start":{"line":157,"column":16},"end":{"line":157,"column":60}},"51":{"start":{"line":159,"column":12},"end":{"line":161,"column":13}},"52":{"start":{"line":160,"column":16},"end":{"line":160,"column":56}},"53":{"start":{"line":162,"column":12},"end":{"line":164,"column":13}},"54":{"start":{"line":163,"column":16},"end":{"line":163,"column":64}},"55":{"start":{"line":165,"column":12},"end":{"line":173,"column":13}},"56":{"start":{"line":177,"column":12},"end":{"line":180,"column":13}},"57":{"start":{"line":183,"column":32},"end":{"line":183,"column":34}},"58":{"start":{"line":184,"column":12},"end":{"line":190,"column":13}},"59":{"start":{"line":184,"column":25},"end":{"line":184,"column":26}},"60":{"start":{"line":185,"column":16},"end":{"line":185,"column":84}},"61":{"start":{"line":186,"column":16},"end":{"line":186,"column":57}},"62":{"start":{"line":187,"column":16},"end":{"line":187,"column":96}},"63":{"start":{"line":188,"column":16},"end":{"line":188,"column":71}},"64":{"start":{"line":189,"column":16},"end":{"line":189,"column":54}},"65":{"start":{"line":191,"column":12},"end":{"line":194,"column":13}},"66":{"start":{"line":197,"column":23},"end":{"line":197,"column":42}},"67":{"start":{"line":198,"column":12},"end":{"line":201,"column":13}},"68":{"start":{"line":204,"column":32},"end":{"line":204,"column":34}},"69":{"start":{"line":205,"column":12},"end":{"line":209,"column":13}},"70":{"start":{"line":205,"column":25},"end":{"line":205,"column":26}},"71":{"start":{"line":206,"column":16},"end":{"line":208,"column":17}},"72":{"start":{"line":207,"column":20},"end":{"line":207,"column":57}},"73":{"start":{"line":210,"column":12},"end":{"line":213,"column":13}},"74":{"start":{"line":216,"column":32},"end":{"line":216,"column":34}},"75":{"start":{"line":217,"column":33},"end":{"line":217,"column":35}},"76":{"start":{"line":218,"column":12},"end":{"line":223,"column":13}},"77":{"start":{"line":218,"column":25},"end":{"line":218,"column":26}},"78":{"start":{"line":219,"column":16},"end":{"line":219,"column":51}},"79":{"start":{"line":220,"column":16},"end":{"line":222,"column":17}},"80":{"start":{"line":221,"column":20},"end":{"line":221,"column":54}},"81":{"start":{"line":224,"column":12},"end":{"line":230,"column":15}},"82":{"start":{"line":225,"column":27},"end":{"line":225,"column":38}},"83":{"start":{"line":226,"column":27},"end":{"line":226,"column":38}},"84":{"start":{"line":227,"column":16},"end":{"line":227,"column":42}},"85":{"start":{"line":227,"column":33},"end":{"line":227,"column":42}},"86":{"start":{"line":228,"column":16},"end":{"line":228,"column":43}},"87":{"start":{"line":228,"column":33},"end":{"line":228,"column":43}},"88":{"start":{"line":229,"column":16},"end":{"line":229,"column":25}},"89":{"start":{"line":231,"column":12},"end":{"line":235,"column":13}},"90":{"start":{"line":238,"column":4},"end":{"line":238,"column":18}},"91":{"start":{"line":241,"column":14},"end":{"line":241,"column":35}}},"fnMap":{"0":{"name":"draftApp","decl":{"start":{"line":31,"column":16},"end":{"line":31,"column":24}},"loc":{"start":{"line":31,"column":52},"end":{"line":239,"column":1}},"line":31},"1":{"name":"(anonymous_1)","decl":{"start":{"line":224,"column":31},"end":{"line":224,"column":32}},"loc":{"start":{"line":224,"column":46},"end":{"line":230,"column":13}},"line":224}},"branchMap":{"0":{"loc":{"start":{"line":31,"column":25},"end":{"line":31,"column":42}},"type":"default-arg","locations":[{"start":{"line":31,"column":33},"end":{"line":31,"column":42}}],"line":31},"1":{"loc":{"start":{"line":32,"column":4},"end":{"line":237,"column":5}},"type":"switch","locations":[{"start":{"line":33,"column":8},"end":{"line":38,"column":9}},{"start":{"line":39,"column":8},"end":{"line":55,"column":9}},{"start":{"line":56,"column":8},"end":{"line":75,"column":9}},{"start":{"line":76,"column":8},"end":{"line":96,"column":9}},{"start":{"line":97,"column":8},"end":{"line":116,"column":9}},{"start":{"line":117,"column":8},"end":{"line":128,"column":9}},{"start":{"line":129,"column":8},"end":{"line":140,"column":9}},{"start":{"line":141,"column":8},"end":{"line":174,"column":9}},{"start":{"line":176,"column":8},"end":{"line":181,"column":9}},{"start":{"line":182,"column":8},"end":{"line":195,"column":9}},{"start":{"line":196,"column":8},"end":{"line":202,"column":9}},{"start":{"line":203,"column":8},"end":{"line":214,"column":9}},{"start":{"line":215,"column":8},"end":{"line":236,"column":9}}],"line":32},"2":{"loc":{"start":{"line":87,"column":16},"end":{"line":89,"column":17}},"type":"if","locations":[{"start":{"line":87,"column":16},"end":{"line":89,"column":17}},{"start":{},"end":{}}],"line":87},"3":{"loc":{"start":{"line":87,"column":19},"end":{"line":87,"column":120}},"type":"binary-expr","locations":[{"start":{"line":87,"column":19},"end":{"line":87,"column":64}},{"start":{"line":87,"column":68},"end":{"line":87,"column":120}}],"line":87},"4":{"loc":{"start":{"line":100,"column":16},"end":{"line":102,"column":17}},"type":"if","locations":[{"start":{"line":100,"column":16},"end":{"line":102,"column":17}},{"start":{},"end":{}}],"line":100},"5":{"loc":{"start":{"line":107,"column":16},"end":{"line":109,"column":17}},"type":"if","locations":[{"start":{"line":107,"column":16},"end":{"line":109,"column":17}},{"start":{},"end":{}}],"line":107},"6":{"loc":{"start":{"line":150,"column":12},"end":{"line":152,"column":13}},"type":"if","locations":[{"start":{"line":150,"column":12},"end":{"line":152,"column":13}},{"start":{},"end":{}}],"line":150},"7":{"loc":{"start":{"line":153,"column":12},"end":{"line":155,"column":13}},"type":"if","locations":[{"start":{"line":153,"column":12},"end":{"line":155,"column":13}},{"start":{},"end":{}}],"line":153},"8":{"loc":{"start":{"line":156,"column":12},"end":{"line":158,"column":13}},"type":"if","locations":[{"start":{"line":156,"column":12},"end":{"line":158,"column":13}},{"start":{},"end":{}}],"line":156},"9":{"loc":{"start":{"line":159,"column":12},"end":{"line":161,"column":13}},"type":"if","locations":[{"start":{"line":159,"column":12},"end":{"line":161,"column":13}},{"start":{},"end":{}}],"line":159},"10":{"loc":{"start":{"line":162,"column":12},"end":{"line":164,"column":13}},"type":"if","locations":[{"start":{"line":162,"column":12},"end":{"line":164,"column":13}},{"start":{},"end":{}}],"line":162},"11":{"loc":{"start":{"line":206,"column":16},"end":{"line":208,"column":17}},"type":"if","locations":[{"start":{"line":206,"column":16},"end":{"line":208,"column":17}},{"start":{},"end":{}}],"line":206},"12":{"loc":{"start":{"line":206,"column":20},"end":{"line":206,"column":178}},"type":"binary-expr","locations":[{"start":{"line":206,"column":20},"end":{"line":206,"column":71}},{"start":{"line":206,"column":75},"end":{"line":206,"column":125}},{"start":{"line":206,"column":129},"end":{"line":206,"column":178}}],"line":206},"13":{"loc":{"start":{"line":220,"column":16},"end":{"line":222,"column":17}},"type":"if","locations":[{"start":{"line":220,"column":16},"end":{"line":222,"column":17}},{"start":{},"end":{}}],"line":220},"14":{"loc":{"start":{"line":220,"column":20},"end":{"line":220,"column":105}},"type":"binary-expr","locations":[{"start":{"line":220,"column":20},"end":{"line":220,"column":54}},{"start":{"line":220,"column":58},"end":{"line":220,"column":105}}],"line":220},"15":{"loc":{"start":{"line":227,"column":16},"end":{"line":227,"column":42}},"type":"if","locations":[{"start":{"line":227,"column":16},"end":{"line":227,"column":42}},{"start":{},"end":{}}],"line":227},"16":{"loc":{"start":{"line":228,"column":16},"end":{"line":228,"column":43}},"type":"if","locations":[{"start":{"line":228,"column":16},"end":{"line":228,"column":43}},{"start":{},"end":{}}],"line":228}},"s":{"0":1,"1":15,"2":1,"3":3,"4":3,"5":1,"6":1,"7":1,"8":1,"9":3,"10":1,"11":1,"12":1,"13":1,"14":1,"15":100,"16":50,"17":1,"18":1,"19":1,"20":1,"21":3,"22":2,"23":1,"24":1,"25":1,"26":40,"27":30,"28":1,"29":0,"30":0,"31":3,"32":3,"33":3,"34":30,"35":30,"36":30,"37":3,"38":1,"39":1,"40":1,"41":1,"42":1,"43":1,"44":1,"45":1,"46":1,"47":1,"48":1,"49":1,"50":1,"51":1,"52":1,"53":1,"54":1,"55":1,"56":0,"57":1,"58":1,"59":1,"60":100,"61":100,"62":100,"63":100,"64":100,"65":1,"66":0,"67":0,"68":1,"69":1,"70":1,"71":40,"72":0,"73":1,"74":1,"75":1,"76":1,"77":1,"78":100,"79":100,"80":40,"81":1,"82":39,"83":39,"84":39,"85":0,"86":39,"87":0,"88":39,"89":1,"90":1,"91":1},"f":{"0":15,"1":39},"b":{"0":[1],"1":[1,3,1,1,1,0,3,1,0,1,0,1,1],"2":[50,50],"3":[100,90],"4":[2,1],"5":[30,10],"6":[1,0],"7":[1,0],"8":[1,0],"9":[1,0],"10":[1,0],"11":[0,40],"12":[40,40,40],"13":[40,60],"14":[100,90],"15":[0,39],"16":[0,39]},"_coverageSchema":"1a1c01bbd47fc00a2c39e90264f33305004495a9","hash":"2cec0f0e7f50554bbe387644671c73921bec09f2"}
}
