TN:
SF:src/actions.js
FN:15,add_f
FN:18,remove_f
FN:22,search_by
FN:26,set_dummy
FN:30,init_articles
FN:33,show_comments_vis
FN:37,change_status
FN:41,update_user
FN:45,add_articles
FN:49,new_user
FN:53,log_in
FN:56,log_out
FN:60,set_error_reg
FNF:13
FNH:10
FNDA:1,add_f
FNDA:1,remove_f
FNDA:1,search_by
FNDA:3,set_dummy
FNDA:1,init_articles
FNDA:0,show_comments_vis
FNDA:0,change_status
FNDA:1,update_user
FNDA:1,add_articles
FNDA:0,new_user
FNDA:3,log_in
FNDA:1,log_out
FNDA:1,set_error_reg
DA:1,1
DA:2,1
DA:3,1
DA:4,1
DA:5,1
DA:6,1
DA:7,1
DA:8,1
DA:9,1
DA:10,1
DA:11,1
DA:12,1
DA:13,1
DA:16,1
DA:19,1
DA:23,1
DA:27,3
DA:31,1
DA:34,0
DA:38,0
DA:42,1
DA:46,1
DA:50,0
DA:54,3
DA:57,1
DA:61,1
DA:62,1
LF:27
LH:24
BRF:0
BRH:0
end_of_record
TN:
SF:src/reducers.js
FN:31,draftApp
FN:224,(anonymous_1)
FNF:2
FNH:2
FNDA:15,draftApp
FNDA:39,(anonymous_1)
DA:14,1
DA:32,15
DA:34,1
DA:40,3
DA:41,3
DA:57,1
DA:77,1
DA:78,1
DA:79,3
DA:82,1
DA:83,1
DA:85,1
DA:86,1
DA:87,100
DA:88,50
DA:91,1
DA:98,1
DA:99,1
DA:100,3
DA:101,2
DA:105,1
DA:106,1
DA:107,40
DA:108,30
DA:111,1
DA:118,0
DA:119,0
DA:130,3
DA:131,3
DA:132,30
DA:133,30
DA:134,30
DA:136,3
DA:142,1
DA:143,1
DA:144,1
DA:145,1
DA:146,1
DA:147,1
DA:148,1
DA:150,1
DA:151,1
DA:153,1
DA:154,1
DA:156,1
DA:157,1
DA:159,1
DA:160,1
DA:162,1
DA:163,1
DA:165,1
DA:177,0
DA:183,1
DA:184,1
DA:185,100
DA:186,100
DA:187,100
DA:188,100
DA:189,100
DA:191,1
DA:197,0
DA:198,0
DA:204,1
DA:205,1
DA:206,40
DA:207,0
DA:210,1
DA:216,1
DA:217,1
DA:218,1
DA:219,100
DA:220,100
DA:221,40
DA:224,1
DA:225,39
DA:226,39
DA:227,39
DA:228,39
DA:229,39
DA:231,1
DA:238,1
DA:241,1
LF:82
LH:76
BRDA:31,0,0,1
BRDA:32,1,0,1
BRDA:32,1,1,3
BRDA:32,1,2,1
BRDA:32,1,3,1
BRDA:32,1,4,1
BRDA:32,1,5,0
BRDA:32,1,6,3
BRDA:32,1,7,1
BRDA:32,1,8,0
BRDA:32,1,9,1
BRDA:32,1,10,0
BRDA:32,1,11,1
BRDA:32,1,12,1
BRDA:87,2,0,50
BRDA:87,2,1,50
BRDA:87,3,0,100
BRDA:87,3,1,90
BRDA:100,4,0,2
BRDA:100,4,1,1
BRDA:107,5,0,30
BRDA:107,5,1,10
BRDA:150,6,0,1
BRDA:150,6,1,0
BRDA:153,7,0,1
BRDA:153,7,1,0
BRDA:156,8,0,1
BRDA:156,8,1,0
BRDA:159,9,0,1
BRDA:159,9,1,0
BRDA:162,10,0,1
BRDA:162,10,1,0
BRDA:206,11,0,0
BRDA:206,11,1,40
BRDA:206,12,0,40
BRDA:206,12,1,40
BRDA:206,12,2,40
BRDA:220,13,0,40
BRDA:220,13,1,60
BRDA:220,14,0,100
BRDA:220,14,1,90
BRDA:227,15,0,0
BRDA:227,15,1,39
BRDA:228,16,0,0
BRDA:228,16,1,39
BRF:45
BRH:34
end_of_record
